<?xml version="1.0" encoding="UTF-8"?>
<!-- Generated by org.testng.reporters.JUnitXMLReporter -->
<testsuite hostname="DESKTOP-B1HDJAB" ignored="3" name="Test - Runner - Chrome" tests="3" failures="0" timestamp="2022-03-03T16:46:57 IST" time="56.369" errors="0">
  <testcase name="createOrgWithBaseClass" time="14.941" classname="com.crm.OrganizationsTest.CreateOrgWithBaseClassTest"/>
  <testcase name="CreateSampleTestCase1" time="0.002" classname="com.crm.OrganizationsTest.CreateOrgWithIndBaseClass"/>
  <testcase name="createOrgWithIndBaseClass" time="12.481" classname="com.crm.OrganizationsTest.CreateOrgWithIndBaseClass"/>
  <testcase name="@AfterTest closeBrowser" time="0.0" classname="com.crm.GenericLibrary.BaseClass">
    <ignored/>
  </testcase> <!-- @AfterTest closeBrowser -->
  <testcase name="@AfterSuite closeDb" time="0.0" classname="com.crm.GenericLibrary.BaseClass">
    <ignored/>
  </testcase> <!-- @AfterSuite closeDb -->
  <testcase name="@BeforeSuite connectDataBase" time="0.0" classname="com.crm.GenericLibrary.BaseClass">
    <ignored/>
  </testcase> <!-- @BeforeSuite connectDataBase -->
</testsuite> <!-- Test - Runner - Chrome -->
