<?xml version="1.0" encoding="UTF-8"?>
<testng-results ignored="0" total="1" passed="1" failed="0" skipped="0">
  <reporter-output>
  </reporter-output>
  <suite started-at="2022-05-05T17:30:41 IST" name="Default suite" finished-at="2022-05-05T17:31:04 IST" duration-ms="23585">
    <groups>
    </groups>
    <test started-at="2022-05-05T17:30:41 IST" name="Default test" finished-at="2022-05-05T17:31:04 IST" duration-ms="23585">
      <class name="com.crm.OrganizationsTest.CreateOrgtTest">
        <test-method signature="createOrgTest()[pri:0, instance:com.crm.OrganizationsTest.CreateOrgtTest@3232a28a]" started-at="2022-05-05T17:30:41 IST" name="createOrgTest" finished-at="2022-05-05T17:31:04 IST" duration-ms="23516" status="PASS">
          <reporter-output>
          </reporter-output>
        </test-method> <!-- createOrgTest -->
      </class> <!-- com.crm.OrganizationsTest.CreateOrgtTest -->
    </test> <!-- Default test -->
  </suite> <!-- Default suite -->
</testng-results>
