<?xml version="1.0" encoding="UTF-8"?>
<testng-results ignored="0" total="1" passed="1" failed="0" skipped="0">
  <reporter-output>
  </reporter-output>
  <suite started-at="2022-05-06T17:57:22 IST" name="Default suite" finished-at="2022-05-06T17:57:41 IST" duration-ms="18485">
    <groups>
    </groups>
    <test started-at="2022-05-06T17:57:22 IST" name="Default test" finished-at="2022-05-06T17:57:41 IST" duration-ms="18485">
      <class name="com.crm.PRACTICE.PrintMobileNames">
        <test-method signature="printMobileNames()[pri:0, instance:com.crm.PRACTICE.PrintMobileNames@14555e0a]" started-at="2022-05-06T17:57:22 IST" name="printMobileNames" finished-at="2022-05-06T17:57:41 IST" duration-ms="18403" status="PASS">
          <reporter-output>
          </reporter-output>
        </test-method> <!-- printMobileNames -->
      </class> <!-- com.crm.PRACTICE.PrintMobileNames -->
    </test> <!-- Default test -->
  </suite> <!-- Default suite -->
</testng-results>
